Command line:
   cpu_isim_beh.exe
     -simmode  gui
     -simrunnum  0
     -socket  60521

Thu Jan  1 20:18:52 2015


 Elaboration Time: 0.03 sec

 Current Memory Usage: 196.936 Meg

 Total Signals          : 247
 Total Nets             : 595
 Total Signal Drivers   : 148
 Total Blocks           : 19
 Total Primitive Blocks : 13
 Total Processes        : 179
 Total Traceable Variables  : 107
 Total Scalar Nets and Variables : 4062
Total Line Count : 899

 Total Simulation Time: 0.07 sec

 Current Memory Usage: 272.437 Meg

Thu Jan  1 20:19:27 2015

