Running: /opt/Xilinx/14.7/ISE_DS/ISE/bin/lin64/unwrapped/fuse -relaunch -intstyle "ise" -incremental -lib "unisims_ver" -lib "unimacro_ver" -lib "xilinxcorelib_ver" -o "/media/aldi/Little Seagate/Scoala/Facultate/nesortate/verilog/rezolvare/cpu_test_isim_beh.exe" -prj "/media/aldi/Little Seagate/Scoala/Facultate/nesortate/verilog/rezolvare/cpu_test_beh.prj" "work.cpu_test" "work.glbl" 
ISim P.20131013 (signature 0xfbc00daa)
Number of CPUs detected in this system: 2
Turning on mult-threading, number of parallel sub-compilation jobs: 4 
Determining compilation order of HDL files
Analyzing Verilog file "/media/aldi/Little Seagate/Scoala/Facultate/nesortate/verilog/rezolvare/timer_unit.v" into library work
Analyzing Verilog file "/media/aldi/Little Seagate/Scoala/Facultate/nesortate/verilog/rezolvare/state_machine.v" into library work
Analyzing Verilog file "/media/aldi/Little Seagate/Scoala/Facultate/nesortate/verilog/rezolvare/signal_generation_unit.v" into library work
Analyzing Verilog file "/media/aldi/Little Seagate/Scoala/Facultate/nesortate/verilog/rezolvare/reg_file_interface_unit.v" into library work
Analyzing Verilog file "/media/aldi/Little Seagate/Scoala/Facultate/nesortate/verilog/rezolvare/interrupt_controller.v" into library work
Analyzing Verilog file "/media/aldi/Little Seagate/Scoala/Facultate/nesortate/verilog/rezolvare/gpio_unit.v" into library work
Analyzing Verilog file "/media/aldi/Little Seagate/Scoala/Facultate/nesortate/verilog/rezolvare/decode_unit.v" into library work
Analyzing Verilog file "/media/aldi/Little Seagate/Scoala/Facultate/nesortate/verilog/rezolvare/bus_interface_unit.v" into library work
Analyzing Verilog file "/media/aldi/Little Seagate/Scoala/Facultate/nesortate/verilog/rezolvare/sram.v" into library work
Analyzing Verilog file "/media/aldi/Little Seagate/Scoala/Facultate/nesortate/verilog/rezolvare/rom.v" into library work
Analyzing Verilog file "/media/aldi/Little Seagate/Scoala/Facultate/nesortate/verilog/rezolvare/register_file.v" into library work
Analyzing Verilog file "/media/aldi/Little Seagate/Scoala/Facultate/nesortate/verilog/rezolvare/gpio.v" into library work
Analyzing Verilog file "/media/aldi/Little Seagate/Scoala/Facultate/nesortate/verilog/rezolvare/control_unit.v" into library work
Analyzing Verilog file "/media/aldi/Little Seagate/Scoala/Facultate/nesortate/verilog/rezolvare/alu.v" into library work
Analyzing Verilog file "/media/aldi/Little Seagate/Scoala/Facultate/nesortate/verilog/rezolvare/cpu.v" into library work
Analyzing Verilog file "/media/aldi/Little Seagate/Scoala/Facultate/nesortate/verilog/rezolvare/cpu_test.v" into library work
Analyzing Verilog file "/opt/Xilinx/14.7/ISE_DS/ISE//verilog/src/glbl.v" into library work
Starting static elaboration
WARNING:HDLCompiler:1016 - "/media/aldi/Little Seagate/Scoala/Facultate/nesortate/verilog/rezolvare/cpu_test.v" Line 15: Port bus_addr is not connected to this instance
Completed static elaboration
Fuse Memory Usage: 95844 KB
Fuse CPU Usage: 1170 ms
Compiling module state_machine
Compiling module decode_unit(INSTR_WIDTH=16)
Compiling module signal_generation_unit
Compiling module reg_file_interface_unit(INSTR_WI...
Compiling module bus_interface_unit(MEM_START_ADD...
Compiling module control_unit(INSTR_WIDTH=16,DATA...
Compiling module alu(DATA_WIDTH=8)
Compiling module dual_port_sram(DATA_WIDTH=8,ADDR...
Compiling module rom(DATA_WIDTH=16,ADDR_WIDTH=10)
Compiling module sram(DATA_WIDTH=8,ADDR_WIDTH=7)
Compiling module gpio_unit(DATA_WIDTH=8)
Compiling module timer_unit(DATA_WIDTH=8)
Compiling module interrupt_controller(DATA_WIDTH=...
Compiling module io_sram(DATA_WIDTH=8,ADDR_WIDTH=...
Compiling module cpu
Compiling module cpu_test
Compiling module glbl
Time Resolution for simulation is 1ps.
Compiled 17 Verilog Units
Built simulation executable /media/aldi/Little Seagate/Scoala/Facultate/nesortate/verilog/rezolvare/cpu_test_isim_beh.exe
Fuse Memory Usage: 397688 KB
Fuse CPU Usage: 1370 ms
GCC CPU Usage: 210 ms
