Command line:
   reg_file_interface_unit_isim_beh.exe
     -simmode  gui
     -simrunnum  0
     -socket  53097

Thu Jan  1 17:00:03 2015


 Elaboration Time: 0.02 sec

 Current Memory Usage: 195.801 Meg

 Total Signals          : 34
 Total Nets             : 103
 Total Signal Drivers   : 20
 Total Blocks           : 2
 Total Primitive Blocks : 2
 Total Processes        : 21
 Total Traceable Variables  : 22
 Total Scalar Nets and Variables : 311
Total Line Count : 29

 Total Simulation Time: 0.04 sec

 Current Memory Usage: 271.303 Meg

Thu Jan  1 17:00:10 2015

