Command line:
   rom_isim_beh.exe
     -simmode  gui
     -simrunnum  0
     -socket  34651

Thu Jan  1 16:54:28 2015


 Elaboration Time: 0.02 sec

 Current Memory Usage: 195.785 Meg

 Total Signals          : 15
 Total Nets             : 38
 Total Signal Drivers   : 6
 Total Blocks           : 2
 Total Primitive Blocks : 2
 Total Processes        : 9
 Total Traceable Variables  : 22
 Total Scalar Nets and Variables : 214
Total Line Count : 39

 Total Simulation Time: 0.03 sec

 Current Memory Usage: 271.286 Meg

Thu Jan  1 16:54:45 2015

