Command line:
   control_unit_isim_beh.exe
     -simmode  gui
     -simrunnum  0
     -socket  38460

Fri Jan  2 05:35:24 2015


 Elaboration Time: 0.03 sec

 Current Memory Usage: 196.186 Meg

 Total Signals          : 117
 Total Nets             : 362
 Total Signal Drivers   : 95
 Total Blocks           : 7
 Total Primitive Blocks : 6
 Total Processes        : 111
 Total Traceable Variables  : 59
 Total Scalar Nets and Variables : 1125
Total Line Count : 634

 Total Simulation Time: 0.04 sec

 Current Memory Usage: 271.688 Meg

Fri Jan  2 05:35:27 2015

