Flow report for avr
Thu Jan  1 22:00:51 2015
Quartus II 64-Bit Version 13.0.1 Build 232 06/12/2013 Service Pack 1 SJ Web Edition


---------------------
; Table of Contents ;
---------------------
  1. Legal Notice
  2. Flow Summary
  3. Flow Settings
  4. Flow Non-Default Global Settings
  5. Flow Elapsed Time
  6. Flow OS Summary
  7. Flow Log
  8. Flow Messages
  9. Flow Suppressed Messages



----------------
; Legal Notice ;
----------------
Copyright (C) 1991-2013 Altera Corporation
Your use of Altera Corporation's design tools, logic functions 
and other software and tools, and its AMPP partner logic 
functions, and any output files from any of the foregoing 
(including device programming or simulation files), and any 
associated documentation or information are expressly subject 
to the terms and conditions of the Altera Program License 
Subscription Agreement, Altera MegaCore Function License 
Agreement, or other applicable license agreement, including, 
without limitation, that your use is for the sole purpose of 
programming logic devices manufactured by Altera and sold by 
Altera or its authorized distributors.  Please refer to the 
applicable agreement for further details.



+--------------------------------------------------------------------------------------+
; Flow Summary                                                                         ;
+------------------------------------+-------------------------------------------------+
; Flow Status                        ; Successful - Thu Jan  1 22:00:51 2015           ;
; Quartus II 64-Bit Version          ; 13.0.1 Build 232 06/12/2013 SP 1 SJ Web Edition ;
; Revision Name                      ; avr                                             ;
; Top-level Entity Name              ; altera                                          ;
; Family                             ; Cyclone II                                      ;
; Device                             ; EP2C35F672C6                                    ;
; Timing Models                      ; Final                                           ;
; Total logic elements               ; 4,119 / 33,216 ( 12 % )                         ;
;     Total combinational functions  ; 3,407 / 33,216 ( 10 % )                         ;
;     Dedicated logic registers      ; 2,112 / 33,216 ( 6 % )                          ;
; Total registers                    ; 2112                                            ;
; Total pins                         ; 425 / 475 ( 89 % )                              ;
; Total virtual pins                 ; 0                                               ;
; Total memory bits                  ; 28,672 / 483,840 ( 6 % )                        ;
; Embedded Multiplier 9-bit elements ; 4 / 70 ( 6 % )                                  ;
; Total PLLs                         ; 1 / 4 ( 25 % )                                  ;
+------------------------------------+-------------------------------------------------+


+-----------------------------------------+
; Flow Settings                           ;
+-------------------+---------------------+
; Option            ; Setting             ;
+-------------------+---------------------+
; Start date & time ; 01/01/2015 21:57:16 ;
; Main task         ; Compilation         ;
; Revision Name     ; avr                 ;
+-------------------+---------------------+


+-------------------------------------------------------------------------------------------------------------------+
; Flow Non-Default Global Settings                                                                                  ;
+-------------------------------------+------------------------------+---------------+-------------+----------------+
; Assignment Name                     ; Value                        ; Default Value ; Entity Name ; Section Id     ;
+-------------------------------------+------------------------------+---------------+-------------+----------------+
; COMPILER_SIGNATURE_ID               ; 109093486565.142014223506552 ; --            ; --          ; --             ;
; EDA_OUTPUT_DATA_FORMAT              ; Verilog Hdl                  ; --            ; --          ; eda_simulation ;
; EDA_SIMULATION_TOOL                 ; ModelSim-Altera (Verilog)    ; <None>        ; --          ; --             ;
; IP_TOOL_NAME                        ; ALTPLL                       ; --            ; --          ; --             ;
; IP_TOOL_VERSION                     ; 13.0                         ; --            ; --          ; --             ;
; MAX_CORE_JUNCTION_TEMP              ; 85                           ; --            ; --          ; --             ;
; MIN_CORE_JUNCTION_TEMP              ; 0                            ; --            ; --          ; --             ;
; MISC_FILE                           ; pll_bb.v                     ; --            ; --          ; --             ;
; MISC_FILE                           ; pll.ppf                      ; --            ; --          ; --             ;
; PARTITION_COLOR                     ; 14622752                     ; --            ; DE2_TOP     ; Top            ;
; PARTITION_COLOR                     ; 16764057                     ; --            ; altera      ; Top            ;
; PARTITION_FITTER_PRESERVATION_LEVEL ; PLACEMENT_AND_ROUTING        ; --            ; DE2_TOP     ; Top            ;
; PARTITION_FITTER_PRESERVATION_LEVEL ; PLACEMENT_AND_ROUTING        ; --            ; altera      ; Top            ;
; PARTITION_NETLIST_TYPE              ; SOURCE                       ; --            ; DE2_TOP     ; Top            ;
; PARTITION_NETLIST_TYPE              ; SOURCE                       ; --            ; altera      ; Top            ;
; PROJECT_OUTPUT_DIRECTORY            ; output_files                 ; --            ; --          ; --             ;
; TOP_LEVEL_ENTITY                    ; altera                       ; avr           ; --          ; --             ;
+-------------------------------------+------------------------------+---------------+-------------+----------------+


+-------------------------------------------------------------------------------------------------------------------------------+
; Flow Elapsed Time                                                                                                             ;
+---------------------------+--------------+-------------------------+---------------------+------------------------------------+
; Module Name               ; Elapsed Time ; Average Processors Used ; Peak Virtual Memory ; Total CPU Time (on all processors) ;
+---------------------------+--------------+-------------------------+---------------------+------------------------------------+
; Analysis & Synthesis      ; 00:00:44     ; 1.0                     ; 702 MB              ; 00:00:42                           ;
; Fitter                    ; 00:02:19     ; 1.0                     ; 786 MB              ; 00:02:17                           ;
; Assembler                 ; 00:00:04     ; 1.0                     ; 579 MB              ; 00:00:04                           ;
; TimeQuest Timing Analyzer ; 00:00:05     ; 1.0                     ; 577 MB              ; 00:00:04                           ;
; EDA Netlist Writer        ; 00:00:05     ; 1.0                     ; 841 MB              ; 00:00:04                           ;
; Total                     ; 00:03:17     ; --                      ; --                  ; 00:03:11                           ;
+---------------------------+--------------+-------------------------+---------------------+------------------------------------+


+---------------------------------------------------------------------------------------------+
; Flow OS Summary                                                                             ;
+---------------------------+------------------+----------------+------------+----------------+
; Module Name               ; Machine Hostname ; OS Name        ; OS Version ; Processor type ;
+---------------------------+------------------+----------------+------------+----------------+
; Analysis & Synthesis      ; vlalex-PC        ; Ubuntu 14.04.1 ; 14         ; x86_64         ;
; Fitter                    ; vlalex-PC        ; Ubuntu 14.04.1 ; 14         ; x86_64         ;
; Assembler                 ; vlalex-PC        ; Ubuntu 14.04.1 ; 14         ; x86_64         ;
; TimeQuest Timing Analyzer ; vlalex-PC        ; Ubuntu 14.04.1 ; 14         ; x86_64         ;
; EDA Netlist Writer        ; vlalex-PC        ; Ubuntu 14.04.1 ; 14         ; x86_64         ;
+---------------------------+------------------+----------------+------------+----------------+


------------
; Flow Log ;
------------
quartus_map --read_settings_files=on --write_settings_files=off avr -c avr
quartus_fit --read_settings_files=off --write_settings_files=off avr -c avr
quartus_asm --read_settings_files=off --write_settings_files=off avr -c avr
quartus_sta avr -c avr
quartus_eda --read_settings_files=off --write_settings_files=off avr -c avr



